Using pre-set license
Built from '2020.3/release' branch; Version is '2020.3.7f1 (dd97f2c94397) revision 14522354'; Using compiler version '192528614'; Build Type 'Release'
OS: 'Windows 10 Pro; OS build 19042.1348; Version 2009; 64bit' Language: 'ru' Physical Memory: 8121 MB
BatchMode: 1, IsHumanControllingUs: 0, StartBugReporterOnCrash: 0, Is64bit: 1, IsPro: 0

 COMMAND LINE ARGUMENTS:
C:\Program Files\Unity\Hub\Editor\2020.3.7f1\Editor\Unity.exe
-adb2
-batchMode
-noUpm
-name
AssetImportWorker0
-projectPath
C:/Users/Гррег/Documents/GitHub/FlappyBird
-logFile
Logs/AssetImportWorker0.log
-srvPort
57541
Successfully changed project path to: C:/Users/Гррег/Documents/GitHub/FlappyBird
C:/Users/Гррег/Documents/GitHub/FlappyBird
Using Asset Import Pipeline V2.
Refreshing native plugins compatible for Editor in 55.22 ms, found 1 plugins.
Preloading 0 native plugins for Editor in 0.00 ms.
Initialize engine version: 2020.3.7f1 (dd97f2c94397)
[Subsystems] Discovering subsystems at path C:/Program Files/Unity/Hub/Editor/2020.3.7f1/Editor/Data/Resources/UnitySubsystems
[Subsystems] Discovering subsystems at path C:/Users/Гррег/Documents/GitHub/FlappyBird/Assets
GfxDevice: creating device client; threaded=0
Direct3D:
    Version:  Direct3D 11.0 [level 11.1]
    Renderer: NVIDIA GeForce GTX 1060 3GB (ID=0x1c02)
    Vendor:   
    VRAM:     2988 MB
    Driver:   27.21.14.6192
Initialize mono
Mono path[0] = 'C:/Program Files/Unity/Hub/Editor/2020.3.7f1/Editor/Data/Managed'
Mono path[1] = 'C:/Program Files/Unity/Hub/Editor/2020.3.7f1/Editor/Data/MonoBleedingEdge/lib/mono/unityjit'
Mono config path = 'C:/Program Files/Unity/Hub/Editor/2020.3.7f1/Editor/Data/MonoBleedingEdge/etc'
Using monoOptions --debugger-agent=transport=dt_socket,embedding=1,server=y,suspend=n,address=127.0.0.1:56952
Begin MonoManager ReloadAssembly
Registering precompiled unity dll's ...
Register platform support module: C:/Program Files/Unity/Hub/Editor/2020.3.7f1/Editor/Data/PlaybackEngines/WindowsStandaloneSupport/UnityEditor.WindowsStandalone.Extensions.dll
Registered in 0.003212 seconds.
Native extension for WindowsStandalone target not found
Refreshing native plugins compatible for Editor in 55.53 ms, found 1 plugins.
Preloading 0 native plugins for Editor in 0.00 ms.
Mono: successfully reloaded assembly
- Completed reload, in  3.861 seconds
Platform modules already initialized, skipping
Registering precompiled user dll's ...
Registered in 0.001687 seconds.
Begin MonoManager ReloadAssembly
Native extension for WindowsStandalone target not found
Refreshing native plugins compatible for Editor in 85.61 ms, found 1 plugins.
Preloading 0 native plugins for Editor in 0.00 ms.
Mono: successfully reloaded assembly
- Completed reload, in  1.925 seconds
Platform modules already initialized, skipping
========================================================================
Worker process is ready to serve import requests
Launched and connected shader compiler UnityShaderCompiler.exe after 0.16 seconds
Refreshing native plugins compatible for Editor in 0.81 ms, found 1 plugins.
Preloading 0 native plugins for Editor in 0.00 ms.
Unloading 1845 Unused Serialized files (Serialized files now loaded: 0)
System memory in use before: 87.7 MB.
System memory in use after: 87.7 MB.

Unloading 24 unused Assets to reduce memory usage. Loaded Objects now: 2288.
Total: 4.831900 ms (FindLiveObjects: 0.531500 ms CreateObjectMapping: 0.201100 ms MarkObjects: 3.856900 ms  DeleteObjects: 0.239800 ms)

========================================================================
Received Import Request.
  path: Assets/FlappyBird/Code/Scripts/InteractableObjects/InteractableRigitBody2D.cs
  artifactKey: Guid(28cfb51a6ed70464cacd1b56e9def0ce) Importer(815301076,1909f56bfc062723c751e8b465ee728b)
Start importing Assets/FlappyBird/Code/Scripts/InteractableObjects/InteractableRigitBody2D.cs using Guid(28cfb51a6ed70464cacd1b56e9def0ce) Importer(815301076,1909f56bfc062723c751e8b465ee728b)  -> (artifact id: '265e3c03a163448787b2168e1969b404') in 0.975944 seconds
  Import took 1.032113 seconds .

========================================================================
Received Import Request.
  Time since last request: 322.293465 seconds.
  path: Assets/FlappyBird/Code/Scripts/InteractableObjects/InteractableRigidBody2D.cs
  artifactKey: Guid(28cfb51a6ed70464cacd1b56e9def0ce) Importer(815301076,1909f56bfc062723c751e8b465ee728b)
Start importing Assets/FlappyBird/Code/Scripts/InteractableObjects/InteractableRigidBody2D.cs using Guid(28cfb51a6ed70464cacd1b56e9def0ce) Importer(815301076,1909f56bfc062723c751e8b465ee728b)  -> (artifact id: '98e33325ece1cac1b85a9097114c8aa4') in 0.010824 seconds
  Import took 0.033864 seconds .

========================================================================
Received Import Request.
  Time since last request: 99.752915 seconds.
  path: Assets/FlappyBird/Code/Scripts/InteractableObjects/InteractableRigidBody2D.cs
  artifactKey: Guid(28cfb51a6ed70464cacd1b56e9def0ce) Importer(815301076,1909f56bfc062723c751e8b465ee728b)
Start importing Assets/FlappyBird/Code/Scripts/InteractableObjects/InteractableRigidBody2D.cs using Guid(28cfb51a6ed70464cacd1b56e9def0ce) Importer(815301076,1909f56bfc062723c751e8b465ee728b)  -> (artifact id: '38b58313cc92c125f50f3a4b667eede2') in 0.005305 seconds
  Import took 0.041811 seconds .

========================================================================
Received Import Request.
  Time since last request: 137.878933 seconds.
  path: Assets/FlappyBird/Code/Scripts/InteractableObjects/InteractableRigidBody2D.cs
  artifactKey: Guid(28cfb51a6ed70464cacd1b56e9def0ce) Importer(815301076,1909f56bfc062723c751e8b465ee728b)
Start importing Assets/FlappyBird/Code/Scripts/InteractableObjects/InteractableRigidBody2D.cs using Guid(28cfb51a6ed70464cacd1b56e9def0ce) Importer(815301076,1909f56bfc062723c751e8b465ee728b)  -> (artifact id: '6cf1e499ae59f533eb4e8f0f1c83fc70') in 0.005396 seconds
  Import took 0.015420 seconds .

========================================================================
Received Import Request.
  Time since last request: 87.572319 seconds.
  path: Assets/FlappyBird/Code/Scripts/InteractableObjects/InteractableRigidBody2D.cs
  artifactKey: Guid(28cfb51a6ed70464cacd1b56e9def0ce) Importer(815301076,1909f56bfc062723c751e8b465ee728b)
Start importing Assets/FlappyBird/Code/Scripts/InteractableObjects/InteractableRigidBody2D.cs using Guid(28cfb51a6ed70464cacd1b56e9def0ce) Importer(815301076,1909f56bfc062723c751e8b465ee728b)  -> (artifact id: '2a8fc1b60bb241016b090fe6395c0561') in 0.004962 seconds
  Import took 0.027916 seconds .

========================================================================
Received Import Request.
  Time since last request: 179.614909 seconds.
  path: Assets/FlappyBird/Code/Scripts/InteractableObjects/InteractableRigidBody2D.cs
  artifactKey: Guid(28cfb51a6ed70464cacd1b56e9def0ce) Importer(815301076,1909f56bfc062723c751e8b465ee728b)
Start importing Assets/FlappyBird/Code/Scripts/InteractableObjects/InteractableRigidBody2D.cs using Guid(28cfb51a6ed70464cacd1b56e9def0ce) Importer(815301076,1909f56bfc062723c751e8b465ee728b)  -> (artifact id: '0af90502855df543cd269ec725cdfc39') in 0.005462 seconds
  Import took 0.020687 seconds .

========================================================================
Received Prepare
Registering precompiled user dll's ...
Registered in 0.001799 seconds.
Begin MonoManager ReloadAssembly
Native extension for WindowsStandalone target not found
Refreshing native plugins compatible for Editor in 0.46 ms, found 1 plugins.
Preloading 0 native plugins for Editor in 0.00 ms.
Mono: successfully reloaded assembly
- Completed reload, in  1.276 seconds
Platform modules already initialized, skipping
Switching build target platform(5) subTarget(0) extendedPlatform(0) -> platform(13) subTarget(537395200) extendedPlatform(0)
Refreshing native plugins compatible for Editor in 0.46 ms, found 1 plugins.
Preloading 0 native plugins for Editor in 0.00 ms.
Unloading 1830 Unused Serialized files (Serialized files now loaded: 0)
System memory in use before: 86.2 MB.
System memory in use after: 86.2 MB.

Unloading 12 unused Assets to reduce memory usage. Loaded Objects now: 2292.
Total: 2.977700 ms (FindLiveObjects: 0.354500 ms CreateObjectMapping: 0.078100 ms MarkObjects: 2.363700 ms  DeleteObjects: 0.179700 ms)

AssetImportParameters requested are different than current active one (requested -> active):
  custom:graphics/normal-map-encoding: 01000000000000000000000000000000 -> 02000000000000000000000000000000
========================================================================
Received Prepare
Registering precompiled user dll's ...
Registered in 0.001587 seconds.
Begin MonoManager ReloadAssembly
Native extension for WindowsStandalone target not found
Refreshing native plugins compatible for Editor in 0.47 ms, found 1 plugins.
Preloading 0 native plugins for Editor in 0.00 ms.
Mono: successfully reloaded assembly
- Completed reload, in  1.157 seconds
Platform modules already initialized, skipping
Switching build target platform(5) subTarget(0) extendedPlatform(0) -> platform(13) subTarget(537395200) extendedPlatform(0)
Refreshing native plugins compatible for Editor in 0.44 ms, found 1 plugins.
Preloading 0 native plugins for Editor in 0.00 ms.
Unloading 1830 Unused Serialized files (Serialized files now loaded: 0)
System memory in use before: 86.3 MB.
System memory in use after: 86.2 MB.

Unloading 12 unused Assets to reduce memory usage. Loaded Objects now: 2296.
Total: 2.854800 ms (FindLiveObjects: 0.271700 ms CreateObjectMapping: 0.057300 ms MarkObjects: 2.378400 ms  DeleteObjects: 0.145900 ms)

AssetImportParameters requested are different than current active one (requested -> active):
  custom:graphics/normal-map-encoding: 01000000000000000000000000000000 -> 02000000000000000000000000000000
========================================================================
Received Import Request.
  Time since last request: 2744.042219 seconds.
  path: Assets/FlappyBird/Code/Scripts/InteractableObjects/InteractableRigidBody2D.cs
  artifactKey: Guid(28cfb51a6ed70464cacd1b56e9def0ce) Importer(815301076,1909f56bfc062723c751e8b465ee728b)
Start importing Assets/FlappyBird/Code/Scripts/InteractableObjects/InteractableRigidBody2D.cs using Guid(28cfb51a6ed70464cacd1b56e9def0ce) Importer(815301076,1909f56bfc062723c751e8b465ee728b)  -> (artifact id: 'ae42410bddb08a7005b80b4fcc5fddaa') in 0.015848 seconds
  Import took 0.030842 seconds .

========================================================================
Received Prepare
Registering precompiled user dll's ...
Registered in 0.001563 seconds.
Begin MonoManager ReloadAssembly
Native extension for WindowsStandalone target not found
Refreshing native plugins compatible for Editor in 0.47 ms, found 1 plugins.
Preloading 0 native plugins for Editor in 0.00 ms.
Mono: successfully reloaded assembly
- Completed reload, in  1.202 seconds
Platform modules already initialized, skipping
Switching build target platform(5) subTarget(0) extendedPlatform(0) -> platform(13) subTarget(537395200) extendedPlatform(0)
Refreshing native plugins compatible for Editor in 0.54 ms, found 1 plugins.
Preloading 0 native plugins for Editor in 0.00 ms.
Unloading 1830 Unused Serialized files (Serialized files now loaded: 0)
System memory in use before: 86.3 MB.
System memory in use after: 86.3 MB.

Unloading 12 unused Assets to reduce memory usage. Loaded Objects now: 2300.
Total: 2.635500 ms (FindLiveObjects: 0.255600 ms CreateObjectMapping: 0.054400 ms MarkObjects: 2.169700 ms  DeleteObjects: 0.154300 ms)

AssetImportParameters requested are different than current active one (requested -> active):
  custom:graphics/normal-map-encoding: 01000000000000000000000000000000 -> 02000000000000000000000000000000
========================================================================
Received Import Request.
  Time since last request: 16.665677 seconds.
  path: Assets/FlappyBird/Code/Scripts/InteractableObjects/InteractableRigidBody2D.cs
  artifactKey: Guid(28cfb51a6ed70464cacd1b56e9def0ce) Importer(815301076,1909f56bfc062723c751e8b465ee728b)
Start importing Assets/FlappyBird/Code/Scripts/InteractableObjects/InteractableRigidBody2D.cs using Guid(28cfb51a6ed70464cacd1b56e9def0ce) Importer(815301076,1909f56bfc062723c751e8b465ee728b)  -> (artifact id: 'aa21000be5bac3fe2972560170bbfa44') in 0.009715 seconds
  Import took 0.025067 seconds .

========================================================================
Received Prepare
Registering precompiled user dll's ...
Registered in 0.002113 seconds.
Begin MonoManager ReloadAssembly
Native extension for WindowsStandalone target not found
Refreshing native plugins compatible for Editor in 0.49 ms, found 1 plugins.
Preloading 0 native plugins for Editor in 0.00 ms.
Mono: successfully reloaded assembly
- Completed reload, in  1.189 seconds
Platform modules already initialized, skipping
Switching build target platform(5) subTarget(0) extendedPlatform(0) -> platform(13) subTarget(537395200) extendedPlatform(0)
Refreshing native plugins compatible for Editor in 0.66 ms, found 1 plugins.
Preloading 0 native plugins for Editor in 0.00 ms.
Unloading 1830 Unused Serialized files (Serialized files now loaded: 0)
System memory in use before: 86.3 MB.
System memory in use after: 86.3 MB.

Unloading 12 unused Assets to reduce memory usage. Loaded Objects now: 2304.
Total: 2.694700 ms (FindLiveObjects: 0.277900 ms CreateObjectMapping: 0.060900 ms MarkObjects: 2.204400 ms  DeleteObjects: 0.150000 ms)

AssetImportParameters requested are different than current active one (requested -> active):
  custom:graphics/normal-map-encoding: 01000000000000000000000000000000 -> 02000000000000000000000000000000
========================================================================
Received Prepare
Registering precompiled user dll's ...
Registered in 0.001752 seconds.
Begin MonoManager ReloadAssembly
Native extension for WindowsStandalone target not found
Refreshing native plugins compatible for Editor in 0.48 ms, found 1 plugins.
Preloading 0 native plugins for Editor in 0.00 ms.
Mono: successfully reloaded assembly
- Completed reload, in  1.215 seconds
Platform modules already initialized, skipping
Switching build target platform(5) subTarget(0) extendedPlatform(0) -> platform(13) subTarget(537395200) extendedPlatform(0)
Refreshing native plugins compatible for Editor in 0.71 ms, found 1 plugins.
Preloading 0 native plugins for Editor in 0.00 ms.
Unloading 1830 Unused Serialized files (Serialized files now loaded: 0)
System memory in use before: 86.3 MB.
System memory in use after: 86.3 MB.

Unloading 12 unused Assets to reduce memory usage. Loaded Objects now: 2308.
Total: 3.018200 ms (FindLiveObjects: 0.384100 ms CreateObjectMapping: 0.070100 ms MarkObjects: 2.412400 ms  DeleteObjects: 0.148700 ms)

AssetImportParameters requested are different than current active one (requested -> active):
  custom:graphics/normal-map-encoding: 01000000000000000000000000000000 -> 02000000000000000000000000000000
========================================================================
Received Prepare
Registering precompiled user dll's ...
Registered in 0.001777 seconds.
Begin MonoManager ReloadAssembly
Native extension for WindowsStandalone target not found
Refreshing native plugins compatible for Editor in 0.47 ms, found 1 plugins.
Preloading 0 native plugins for Editor in 0.00 ms.
Mono: successfully reloaded assembly
- Completed reload, in  1.382 seconds
Platform modules already initialized, skipping
Switching build target platform(5) subTarget(0) extendedPlatform(0) -> platform(13) subTarget(537395200) extendedPlatform(0)
Refreshing native plugins compatible for Editor in 0.50 ms, found 1 plugins.
Preloading 0 native plugins for Editor in 0.00 ms.
Unloading 1830 Unused Serialized files (Serialized files now loaded: 0)
System memory in use before: 86.3 MB.
System memory in use after: 86.3 MB.

Unloading 12 unused Assets to reduce memory usage. Loaded Objects now: 2312.
Total: 3.087800 ms (FindLiveObjects: 0.255300 ms CreateObjectMapping: 0.060200 ms MarkObjects: 2.582800 ms  DeleteObjects: 0.187400 ms)

AssetImportParameters requested are different than current active one (requested -> active):
  custom:graphics/normal-map-encoding: 01000000000000000000000000000000 -> 02000000000000000000000000000000
