Using pre-set license
Built from '2020.3/release' branch; Version is '2020.3.7f1 (dd97f2c94397) revision 14522354'; Using compiler version '192528614'; Build Type 'Release'
OS: 'Windows 10 Pro; OS build 18363.1500; Version 1909; 64bit' Language: 'ru' Physical Memory: 8121 MB
BatchMode: 1, IsHumanControllingUs: 0, StartBugReporterOnCrash: 0, Is64bit: 1, IsPro: 0

 COMMAND LINE ARGUMENTS:
C:\Program Files\Unity\Hub\Editor\2020.3.7f1\Editor\Unity.exe
-adb2
-batchMode
-noUpm
-name
AssetImportWorker0
-projectPath
C:/Users/Гррег/Desktop/Igor/Unity/FlappyBird
-logFile
Logs/AssetImportWorker0.log
-srvPort
52031
Successfully changed project path to: C:/Users/Гррег/Desktop/Igor/Unity/FlappyBird
C:/Users/Гррег/Desktop/Igor/Unity/FlappyBird
Using Asset Import Pipeline V2.
Refreshing native plugins compatible for Editor in 62.67 ms, found 1 plugins.
Preloading 0 native plugins for Editor in 0.00 ms.
Initialize engine version: 2020.3.7f1 (dd97f2c94397)
[Subsystems] Discovering subsystems at path C:/Program Files/Unity/Hub/Editor/2020.3.7f1/Editor/Data/Resources/UnitySubsystems
[Subsystems] Discovering subsystems at path C:/Users/Гррег/Desktop/Igor/Unity/FlappyBird/Assets
GfxDevice: creating device client; threaded=0
Direct3D:
    Version:  Direct3D 11.0 [level 11.1]
    Renderer: NVIDIA GeForce GTX 1060 3GB (ID=0x1c02)
    Vendor:   
    VRAM:     2988 MB
    Driver:   27.21.14.6192
Initialize mono
Mono path[0] = 'C:/Program Files/Unity/Hub/Editor/2020.3.7f1/Editor/Data/Managed'
Mono path[1] = 'C:/Program Files/Unity/Hub/Editor/2020.3.7f1/Editor/Data/MonoBleedingEdge/lib/mono/unityjit'
Mono config path = 'C:/Program Files/Unity/Hub/Editor/2020.3.7f1/Editor/Data/MonoBleedingEdge/etc'
Using monoOptions --debugger-agent=transport=dt_socket,embedding=1,server=y,suspend=n,address=127.0.0.1:56080
Begin MonoManager ReloadAssembly
Registering precompiled unity dll's ...
Register platform support module: C:/Program Files/Unity/Hub/Editor/2020.3.7f1/Editor/Data/PlaybackEngines/WindowsStandaloneSupport/UnityEditor.WindowsStandalone.Extensions.dll
Registered in 0.001938 seconds.
Native extension for WindowsStandalone target not found
Refreshing native plugins compatible for Editor in 57.23 ms, found 1 plugins.
Preloading 0 native plugins for Editor in 0.00 ms.
Mono: successfully reloaded assembly
- Completed reload, in  2.930 seconds
Platform modules already initialized, skipping
Registering precompiled user dll's ...
Registered in 0.001322 seconds.
Begin MonoManager ReloadAssembly
Native extension for WindowsStandalone target not found
Refreshing native plugins compatible for Editor in 48.36 ms, found 1 plugins.
Preloading 0 native plugins for Editor in 0.00 ms.
Mono: successfully reloaded assembly
- Completed reload, in  1.532 seconds
Platform modules already initialized, skipping
========================================================================
Worker process is ready to serve import requests
Launched and connected shader compiler UnityShaderCompiler.exe after 0.07 seconds
Refreshing native plugins compatible for Editor in 0.58 ms, found 1 plugins.
Preloading 0 native plugins for Editor in 0.00 ms.
Unloading 1844 Unused Serialized files (Serialized files now loaded: 0)
System memory in use before: 87.7 MB.
System memory in use after: 87.6 MB.

Unloading 24 unused Assets to reduce memory usage. Loaded Objects now: 2287.
Total: 2.905200 ms (FindLiveObjects: 0.342300 ms CreateObjectMapping: 0.066200 ms MarkObjects: 2.310100 ms  DeleteObjects: 0.184600 ms)

========================================================================
Received Import Request.
  path: Assets/FlappyBird/Code/Scripts/Bird/BirdForce.cs
  artifactKey: Guid(fdd7973170eadda498fcee189ca5b46e) Importer(815301076,1909f56bfc062723c751e8b465ee728b)
Start importing Assets/FlappyBird/Code/Scripts/Bird/BirdForce.cs using Guid(fdd7973170eadda498fcee189ca5b46e) Importer(815301076,1909f56bfc062723c751e8b465ee728b)  -> (artifact id: '1697afd508ca1350672627673166af4a') in 0.156985 seconds
  Import took 0.170454 seconds .

========================================================================
Received Import Request.
  Time since last request: 153.677328 seconds.
  path: Assets/FlappyBird/Code/Scripts/Game
  artifactKey: Guid(3241f74847262f941acf7c06915ff823) Importer(815301076,1909f56bfc062723c751e8b465ee728b)
Start importing Assets/FlappyBird/Code/Scripts/Game using Guid(3241f74847262f941acf7c06915ff823) Importer(815301076,1909f56bfc062723c751e8b465ee728b)  -> (artifact id: 'e64e40f25bb505a7d45bba6b610f8b36') in 0.015673 seconds
  Import took 0.050920 seconds .

========================================================================
Received Import Request.
  Time since last request: 37.202585 seconds.
  path: Assets/FlappyBird/TextMesh Pro/Shaders
  artifactKey: Guid(e9f693669af91aa45ad615fc681ed29f) Importer(815301076,1909f56bfc062723c751e8b465ee728b)
Start importing Assets/FlappyBird/TextMesh Pro/Shaders using Guid(e9f693669af91aa45ad615fc681ed29f) Importer(815301076,1909f56bfc062723c751e8b465ee728b)  -> (artifact id: 'a8970b9ccd14cacfd78e8d7b035f493f') in 0.017160 seconds
  Import took 0.031170 seconds .

AssetImportWorkerClient::OnTransportError - code=2 error=End of file
